<?xml version="1.0" encoding="UTF-8"?>
<robot generator="Robot 4.0.3 (Python 3.9.5 on win32)" generated="20220623 12:28:21.808" rpa="false" schemaversion="2">
<suite id="s1" name="Post Request Create Collections" source="D:\RobotTest\Post_Request_Create_Collections.robot">
<test id="s1-t1" name="Post Create a Collections Successfull">
<kw name="Get Data To txt">
<var>${body}</var>
<kw name="Get File" library="OperatingSystem">
<var>${body}</var>
<arg>format_json.txt</arg>
<doc>Returns the contents of a specified file.</doc>
<msg timestamp="20220623 12:28:22.144" level="INFO" html="true">Getting file '&lt;a href="file://D:\RobotTest\format_json.txt"&gt;D:\RobotTest\format_json.txt&lt;/a&gt;'.</msg>
<msg timestamp="20220623 12:28:22.145" level="INFO">${body} = {
    "collection": {
        "info": {
            "name": "TT",
            "description": "TTT",
            "schema": "https://schema.getpostman.com/json/collection/v2.1.0/collection.json"
       ...</msg>
<status status="PASS" starttime="20220623 12:28:22.144" endtime="20220623 12:28:22.145"/>
</kw>
<kw name="Convert String To JSON" library="JSONLibrary">
<var>${body}</var>
<arg>${body}</arg>
<doc>Convert String to JSON object</doc>
<msg timestamp="20220623 12:28:22.145" level="INFO">${body} = {'collection': {'info': {'name': 'TT', 'description': 'TTT', 'schema': 'https://schema.getpostman.com/json/collection/v2.1.0/collection.json'}, 'item': [{'name': 'TTTT', 'id': '82ee981b-e19f-962a-401e...</msg>
<status status="PASS" starttime="20220623 12:28:22.145" endtime="20220623 12:28:22.145"/>
</kw>
<kw name="Log" library="BuiltIn">
<arg>${body}</arg>
<doc>Logs the given message with the given level.</doc>
<msg timestamp="20220623 12:28:22.145" level="INFO">{'collection': {'info': {'name': 'TT', 'description': 'TTT', 'schema': 'https://schema.getpostman.com/json/collection/v2.1.0/collection.json'}, 'item': [{'name': 'TTTT', 'id': '82ee981b-e19f-962a-401e-ea34ebfb4848', 'event': [{'listen': 'test', 'script': {'id': '7d2334fc-a84a-4c3d-b26c-7529afa4c0ae', 'exec': ['pm.test("Status code is 200", function () {', '    pm.response.to.have.status(200);', '});'], 'type': 'text/javascript'}}], 'request': {'url': 'https://echo.getpostman.com/headers', 'method': 'GET', 'header': [{'key': 'Content-Type', 'value': 'application/json'}]}, 'response': []}]}}</msg>
<status status="PASS" starttime="20220623 12:28:22.145" endtime="20220623 12:28:22.145"/>
</kw>
<kw name="Return From Keyword" library="BuiltIn">
<arg>${body}</arg>
<doc>Returns from the enclosing user keyword.</doc>
<msg timestamp="20220623 12:28:22.145" level="INFO">Returning from the enclosing user keyword.</msg>
<status status="PASS" starttime="20220623 12:28:22.145" endtime="20220623 12:28:22.146"/>
</kw>
<msg timestamp="20220623 12:28:22.146" level="INFO">${body} = {'collection': {'info': {'name': 'TT', 'description': 'TTT', 'schema': 'https://schema.getpostman.com/json/collection/v2.1.0/collection.json'}, 'item': [{'name': 'TTTT', 'id': '82ee981b-e19f-962a-401e...</msg>
<status status="PASS" starttime="20220623 12:28:22.144" endtime="20220623 12:28:22.146"/>
</kw>
<kw name="Send Request For API">
<var>${content}</var>
<arg>${body}</arg>
<arg>${postman-api-key}</arg>
<kw name="Create Session" library="RequestsLibrary">
<arg>mysession</arg>
<arg>${Post_URL}</arg>
<doc>Create Session: create a HTTP session to a server</doc>
<msg timestamp="20220623 12:28:22.147" level="INFO">Creating Session using : alias=mysession, url=https://api.getpostman.com, headers={},                     cookies={}, auth=None, timeout=None, proxies=None, verify=False,                     debug=0 </msg>
<status status="PASS" starttime="20220623 12:28:22.147" endtime="20220623 12:28:22.147"/>
</kw>
<kw name="Create Dictionary" library="BuiltIn">
<var>${header}</var>
<arg>Content-Type=application/json</arg>
<arg>x-api-key=${postman-api-key}</arg>
<doc>Creates and returns a dictionary based on the given ``items``.</doc>
<msg timestamp="20220623 12:28:22.148" level="INFO">${header} = {'Content-Type': 'application/json', 'x-api-key': 'PMAK-62b3da4ef7407513c2a88397-7bc057caa3cdc0e380b0368ed910ef6e1a'}</msg>
<status status="PASS" starttime="20220623 12:28:22.148" endtime="20220623 12:28:22.148"/>
</kw>
<kw name="Post Request" library="RequestsLibrary">
<var>${resp}</var>
<arg>mysession</arg>
<arg>/collections</arg>
<arg>data=${body}</arg>
<arg>headers=${header}</arg>
<doc>*DEPRECATED* Please use `POST On Session` instead.</doc>
<msg timestamp="20220623 12:28:22.148" level="WARN">Keyword 'RequestsLibrary.Post Request' is deprecated. Please use `POST On Session` instead.</msg>
<msg timestamp="20220623 12:28:24.188" level="INFO">POST Request : url=https://api.getpostman.com/collections 
 path_url=/collections 
 headers={'User-Agent': 'python-requests/2.28.0', 'Accept-Encoding': 'gzip, deflate', 'Accept': '*/*', 'Connection': 'keep-alive', 'Content-Type': 'application/json', 'x-api-key': 'PMAK-62b3da4ef7407513c2a88397-7bc057caa3cdc0e380b0368ed910ef6e1a', 'Content-Length': '598'} 
 body={"collection": {"info": {"name": "TT", "description": "TTT", "schema": "https://schema.getpostman.com/json/collection/v2.1.0/collection.json"}, "item": [{"name": "TTTT", "id": "82ee981b-e19f-962a-401e-ea34ebfb4848", "event": [{"listen": "test", "script": {"id": "7d2334fc-a84a-4c3d-b26c-7529afa4c0ae", "exec": ["pm.test(\"Status code is 200\", function () {", "    pm.response.to.have.status(200);", "});"], "type": "text/javascript"}}], "request": {"url": "https://echo.getpostman.com/headers", "method": "GET", "header": [{"key": "Content-Type", "value": "application/json"}]}, "response": []}]}} 
 </msg>
<msg timestamp="20220623 12:28:24.188" level="INFO">POST Response : url=https://api.getpostman.com/collections 
 status=200, reason=OK 
 headers={'Date': 'Thu, 23 Jun 2022 05:28:23 GMT', 'Content-Type': 'application/json; charset=utf-8', 'Transfer-Encoding': 'chunked', 'Connection': 'keep-alive', 'Server': 'nginx', 'x-frame-options': 'SAMEORIGIN', 'Access-Control-Allow-Origin': '*', 'x-srv-trace': 'v=1;t=28102f1c11ec10df', 'x-srv-span': 'v=1;s=3cf6c369fda31772', 'X-RateLimit-Limit': '300', 'X-RateLimit-Remaining': '299', 'X-RateLimit-Reset': '1655962162', 'ETag': 'W/"7e-eTeGDpolS56lUbmbWjEf3iNr3c4"', 'Vary': 'Accept-Encoding', 'Content-Encoding': 'gzip'} 
 body={"collection":{"id":"0afd2a62-a5d9-4714-ba7a-35af1a9df5ac","name":"TT","uid":"21603525-0afd2a62-a5d9-4714-ba7a-35af1a9df5ac"}} 
 </msg>
<msg timestamp="20220623 12:28:24.188" level="INFO">c:\users\asus\appdata\local\programs\python\python39\lib\site-packages\urllib3\connectionpool.py:1013: InsecureRequestWarning: Unverified HTTPS request is being made to host 'api.getpostman.com'. Adding certificate verification is strongly advised. See: https://urllib3.readthedocs.io/en/1.26.x/advanced-usage.html#ssl-warnings
  warnings.warn(</msg>
<msg timestamp="20220623 12:28:24.188" level="INFO">${resp} = &lt;Response [200]&gt;</msg>
<status status="PASS" starttime="20220623 12:28:22.148" endtime="20220623 12:28:24.188"/>
</kw>
<kw name="Set Variable" library="BuiltIn">
<var>${status_code}</var>
<arg>${resp.status_code}</arg>
<doc>Returns the given values which can then be assigned to a variables.</doc>
<msg timestamp="20220623 12:28:24.195" level="INFO">${status_code} = 200</msg>
<status status="PASS" starttime="20220623 12:28:24.188" endtime="20220623 12:28:24.195"/>
</kw>
<kw name="Set Variable" library="BuiltIn">
<var>${content}</var>
<arg>${resp.content}</arg>
<doc>Returns the given values which can then be assigned to a variables.</doc>
<msg timestamp="20220623 12:28:24.196" level="INFO">${content} = {"collection":{"id":"0afd2a62-a5d9-4714-ba7a-35af1a9df5ac","name":"TT","uid":"21603525-0afd2a62-a5d9-4714-ba7a-35af1a9df5ac"}}</msg>
<status status="PASS" starttime="20220623 12:28:24.195" endtime="20220623 12:28:24.196"/>
</kw>
<kw name="Evaluate" library="BuiltIn">
<var>${content}</var>
<arg>json.loads('''${content}''')</arg>
<arg>json</arg>
<doc>Evaluates the given expression in Python and returns the result.</doc>
<msg timestamp="20220623 12:28:24.198" level="INFO">${content} = {'collection': {'id': '0afd2a62-a5d9-4714-ba7a-35af1a9df5ac', 'name': 'TT', 'uid': '21603525-0afd2a62-a5d9-4714-ba7a-35af1a9df5ac'}}</msg>
<status status="PASS" starttime="20220623 12:28:24.197" endtime="20220623 12:28:24.198"/>
</kw>
<kw name="Run Keyword If" library="BuiltIn">
<arg>'${status_code}' != '200'</arg>
<arg>Fail</arg>
<arg>Send request error status is ${status_code} ${content['error']['name']}</arg>
<doc>Runs the given keyword with the given arguments, if ``condition`` is true.</doc>
<status status="PASS" starttime="20220623 12:28:24.198" endtime="20220623 12:28:24.199"/>
</kw>
<kw name="Return From Keyword" library="BuiltIn">
<arg>${content}</arg>
<doc>Returns from the enclosing user keyword.</doc>
<msg timestamp="20220623 12:28:24.199" level="INFO">Returning from the enclosing user keyword.</msg>
<status status="PASS" starttime="20220623 12:28:24.199" endtime="20220623 12:28:24.199"/>
</kw>
<msg timestamp="20220623 12:28:24.199" level="INFO">${content} = {'collection': {'id': '0afd2a62-a5d9-4714-ba7a-35af1a9df5ac', 'name': 'TT', 'uid': '21603525-0afd2a62-a5d9-4714-ba7a-35af1a9df5ac'}}</msg>
<status status="PASS" starttime="20220623 12:28:22.146" endtime="20220623 12:28:24.199"/>
</kw>
<kw name="Verify Data Reponse">
<arg>${content}</arg>
<arg>${EP_Name}</arg>
<kw name="Set Variable" library="BuiltIn">
<var>${AC_Name}</var>
<arg>${content['collection']['name']}</arg>
<doc>Returns the given values which can then be assigned to a variables.</doc>
<msg timestamp="20220623 12:28:24.201" level="INFO">${AC_Name} = TT</msg>
<status status="PASS" starttime="20220623 12:28:24.200" endtime="20220623 12:28:24.201"/>
</kw>
<kw name="Run Keyword And Return Status" library="BuiltIn">
<var>${Flag_Name}</var>
<arg>Should Contain</arg>
<arg>${AC_Name}</arg>
<arg>${EP_Name}</arg>
<doc>Runs the given keyword with given arguments and returns the status as a Boolean value.</doc>
<kw name="Should Contain" library="BuiltIn">
<arg>${AC_Name}</arg>
<arg>${EP_Name}</arg>
<doc>Fails if ``container`` does not contain ``item`` one or more times.</doc>
<status status="PASS" starttime="20220623 12:28:24.202" endtime="20220623 12:28:24.202"/>
</kw>
<msg timestamp="20220623 12:28:24.202" level="INFO">${Flag_Name} = True</msg>
<status status="PASS" starttime="20220623 12:28:24.201" endtime="20220623 12:28:24.202"/>
</kw>
<kw name="Run Keyword If" library="BuiltIn">
<arg>'${Flag_Name}' == 'False'</arg>
<arg>Fail</arg>
<arg>Data Reponse Not Math</arg>
<doc>Runs the given keyword with the given arguments, if ``condition`` is true.</doc>
<status status="PASS" starttime="20220623 12:28:24.202" endtime="20220623 12:28:24.202"/>
</kw>
<status status="PASS" starttime="20220623 12:28:24.200" endtime="20220623 12:28:24.203"/>
</kw>
<status status="PASS" starttime="20220623 12:28:22.136" endtime="20220623 12:28:24.203"/>
</test>
<status status="PASS" starttime="20220623 12:28:21.808" endtime="20220623 12:28:24.205"/>
</suite>
<statistics>
<total>
<stat pass="1" fail="0" skip="0">All Tests</stat>
</total>
<tag>
</tag>
<suite>
<stat pass="1" fail="0" skip="0" id="s1" name="Post Request Create Collections">Post Request Create Collections</stat>
</suite>
</statistics>
<errors>
<msg timestamp="20220623 12:28:22.148" level="WARN">Keyword 'RequestsLibrary.Post Request' is deprecated. Please use `POST On Session` instead.</msg>
</errors>
</robot>
